<?xml version="1.0" encoding="UTF-8"?>
<!-- Generated by org.testng.reporters.JUnitReportReporter -->
<testsuite skipped="0" hostname="DESKTOP-BFKPHQV" name="restassured.tests.PierwszyTest" tests="2" failures="0" timestamp="11 lut 2018 20:48:01 GMT" time="28.299" errors="0">
  <testcase name="createTable" time="17.524" classname="restassured.tests.PierwszyTest"/>
  <testcase name="cos1" time="10.775" classname="restassured.tests.PierwszyTest"/>
</testsuite> <!-- restassured.tests.PierwszyTest -->
