<?xml version="1.0" encoding="UTF-8"?>
<!-- Generated by org.testng.reporters.JUnitReportReporter -->
<testsuite hostname="DESKTOP-B4QQM7N" failures="0" tests="2" name="restassured.tests.PierwszyTest" time="25.531" errors="0" timestamp="11 lut 2018 20:43:38 GMT" skipped="0">
  <testcase classname="restassured.tests.PierwszyTest" name="createTable" time="15.259"/>
  <testcase classname="restassured.tests.PierwszyTest" name="cos1" time="10.272"/>
</testsuite> <!-- restassured.tests.PierwszyTest -->
