<?xml version="1.0" encoding="UTF-8"?>
<!-- Generated by org.testng.reporters.JUnitReportReporter -->
<testsuite hostname="DESKTOP-B4QQM7N" failures="0" tests="2" name="restassured.tests.PierwszyTest" time="0.004" errors="0" timestamp="11 lut 2018 12:47:05 GMT" skipped="0">
  <testcase classname="restassured.tests.PierwszyTest" name="cos1" time="0.000"/>
  <testcase classname="restassured.tests.PierwszyTest" name="cos" time="0.004"/>
</testsuite> <!-- restassured.tests.PierwszyTest -->
